[debug] [2020-11-11T15:01:37.714Z] ----------------------------------------------------------------------
[debug] [2020-11-11T15:01:37.716Z] Command:       C:\Program Files\nodejs\node.exe C:\Users\PatLa\AppData\Roaming\npm\node_modules\firebase-tools\lib\bin\firebase.js deploy --only functions --debug
[debug] [2020-11-11T15:01:37.716Z] CLI Version:   8.11.2
[debug] [2020-11-11T15:01:37.716Z] Platform:      win32
[debug] [2020-11-11T15:01:37.716Z] Node Version:  v14.6.0
[debug] [2020-11-11T15:01:37.717Z] Time:          Wed Nov 11 2020 16:01:37 GMT+0100 (Mitteleuropäische Normalzeit)
[debug] [2020-11-11T15:01:37.718Z] ----------------------------------------------------------------------
[debug] [2020-11-11T15:01:37.718Z] 
[debug] [2020-11-11T15:01:37.725Z] > command requires scopes: ["email","openid","https://www.googleapis.com/auth/cloudplatformprojects.readonly","https://www.googleapis.com/auth/firebase","https://www.googleapis.com/auth/cloud-platform"]
[debug] [2020-11-11T15:01:37.728Z] > authorizing via signed-in user
[debug] [2020-11-11T15:01:37.730Z] [iam] checking project volley-motion for permissions ["cloudfunctions.functions.create","cloudfunctions.functions.delete","cloudfunctions.functions.get","cloudfunctions.functions.list","cloudfunctions.functions.update","cloudfunctions.operations.get","firebase.projects.get"]
[debug] [2020-11-11T15:01:37.735Z] >>> HTTP REQUEST POST https://cloudresourcemanager.googleapis.com/v1/projects/volley-motion:testIamPermissions  
 {"permissions":["cloudfunctions.functions.create","cloudfunctions.functions.delete","cloudfunctions.functions.get","cloudfunctions.functions.list","cloudfunctions.functions.update","cloudfunctions.operations.get","firebase.projects.get"]}
[debug] [2020-11-11T15:01:38.124Z] <<< HTTP RESPONSE 200 {"content-type":"application/json; charset=UTF-8","vary":"X-Origin, Referer, Origin,Accept-Encoding","date":"Wed, 11 Nov 2020 15:01:37 GMT","server":"ESF","cache-control":"private","x-xss-protection":"0","x-frame-options":"SAMEORIGIN","x-content-type-options":"nosniff","server-timing":"gfet4t7; dur=124","alt-svc":"h3-Q050=\":443\"; ma=2592000,h3-29=\":443\"; ma=2592000,h3-T051=\":443\"; ma=2592000,h3-Q046=\":443\"; ma=2592000,h3-Q043=\":443\"; ma=2592000,quic=\":443\"; ma=2592000; v=\"46,43\"","accept-ranges":"none","transfer-encoding":"chunked"}
[debug] [2020-11-11T15:01:38.128Z] >>> HTTP REQUEST POST https://iam.googleapis.com/v1/projects/volley-motion/serviceAccounts/volley-motion@appspot.gserviceaccount.com:testIamPermissions  
 {"permissions":["iam.serviceAccounts.actAs"]}
[debug] [2020-11-11T15:01:38.926Z] <<< HTTP RESPONSE 200 {"content-type":"application/json; charset=UTF-8","vary":"X-Origin, Referer, Origin,Accept-Encoding","date":"Wed, 11 Nov 2020 15:01:38 GMT","server":"ESF","cache-control":"private","x-xss-protection":"0","x-frame-options":"SAMEORIGIN","x-content-type-options":"nosniff","alt-svc":"h3-Q050=\":443\"; ma=2592000,h3-29=\":443\"; ma=2592000,h3-T051=\":443\"; ma=2592000,h3-T050=\":443\"; ma=2592000,h3-Q046=\":443\"; ma=2592000,h3-Q043=\":443\"; ma=2592000,quic=\":443\"; ma=2592000; v=\"46,43\"","accept-ranges":"none","transfer-encoding":"chunked"}
[info] 
[info] === Deploying to 'volley-motion'...
[info] 
[info] i  deploying functions 
[info] Running command: npm run build functions
[info] +  functions: Finished running predeploy script. 
[debug] [2020-11-11T15:01:45.778Z] > [functions] package.json contents: {
  "name": "volleymotion",
  "version": "0.0.0",
  "license": "MIT",
  "main": "dist/apps/functions/main.js",
  "engines": {
    "node": "10"
  },
  "scripts": {
    "ng": "nx",
    "nx": "nx",
    "start": "ng serve",
    "build": "ng build",
    "test": "ng test",
    "lint": "nx workspace-lint && ng lint",
    "e2e": "ng e2e",
    "affected:apps": "nx affected:apps",
    "affected:libs": "nx affected:libs",
    "affected:build": "nx affected:build",
    "affected:e2e": "nx affected:e2e",
    "affected:test": "nx affected:test",
    "affected:lint": "nx affected:lint",
    "affected:dep-graph": "nx affected:dep-graph",
    "affected": "nx affected",
    "format": "nx format:write",
    "format:write": "nx format:write",
    "format:check": "nx format:check",
    "update": "ng update @nrwl/workspace",
    "workspace-schematic": "nx workspace-schematic",
    "dep-graph": "nx dep-graph",
    "help": "nx help",
    "firebase:serve": "concurrently --kill-others \"yarn run build functions --watch\" \"firebase serve --only functions\"",
    "firebase:shell": "concurrently --kill-others \"yarn run build functions --watch\" \"firebase functions:shell\" --raw",
    "firebase:deploy": "firebase deploy"
  },
  "private": true,
  "dependencies": {
    "@angular/animations": "^10.1.0",
    "@angular/cdk": "^10.2.7",
    "@angular/common": "^10.1.0",
    "@angular/compiler": "^10.1.0",
    "@angular/core": "^10.1.0",
    "@angular/fire": "^6.0.4",
    "@angular/forms": "^10.1.0",
    "@angular/material": "^10.2.7",
    "@angular/platform-browser": "^10.1.0",
    "@angular/platform-browser-dynamic": "^10.1.0",
    "@angular/router": "^10.1.0",
    "@ngrx/effects": "^10.0.1",
    "@ngrx/store": "^10.0.1",
    "@ngrx/store-devtools": "^10.0.1",
    "@nrwl/angular": "10.3.2",
    "firebase": "^8.0.1",
    "firebase-admin": "^9.3.0",
    "firebase-functions": "^3.11.0",
    "ngx-quill": "^12.0.1",
    "quill": "^1.3.7",
    "rxjs": "~6.5.5",
    "zone.js": "^0.10.2"
  },
  "devDependencies": {
    "@angular-devkit/build-angular": "~0.1001.3",
    "@angular/cli": "~10.1.3",
    "@angular/compiler-cli": "^10.1.0",
    "@angular/language-service": "^10.1.0",
    "@ngrx/schematics": "^10.0.1",
    "@nrwl/cli": "10.3.2",
    "@nrwl/cypress": "10.3.2",
    "@nrwl/eslint-plugin-nx": "10.3.2",
    "@nrwl/jest": "10.3.2",
    "@nrwl/node": "10.3.2",
    "@nrwl/workspace": "10.3.2",
    "@types/jest": "26.0.8",
    "@types/node": "~8.9.4",
    "@typescript-eslint/eslint-plugin": "4.3.0",
    "@typescript-eslint/parser": "4.3.0",
    "codelyzer": "~5.0.1",
    "concurrently": "^5.3.0",
    "cypress": "^4.1.0",
    "dotenv": "6.2.0",
    "eslint": "7.10.0",
    "eslint-config-prettier": "6.0.0",
    "eslint-plugin-cypress": "^2.10.3",
    "jest": "26.2.2",
    "jest-preset-angular": "8.3.1",
    "prettier": "2.0.4",
    "ts-jest": "26.4.0",
    "ts-node": "~7.0.0",
    "tslint": "~6.0.0",
    "typescript": "~4.0.3"
  }
}
[info] i  functions: ensuring required API cloudfunctions.googleapis.com is enabled... 
[info] i  functions: ensuring required API cloudbuild.googleapis.com is enabled... 
[debug] [2020-11-11T15:01:50.056Z] >>> HTTP REQUEST GET https://serviceusage.googleapis.com/v1/projects/volley-motion/services/cloudfunctions.googleapis.com  
 
[debug] [2020-11-11T15:01:50.057Z] >>> HTTP REQUEST GET https://serviceusage.googleapis.com/v1/projects/volley-motion/services/runtimeconfig.googleapis.com  
 
[debug] [2020-11-11T15:01:50.059Z] >>> HTTP REQUEST GET https://serviceusage.googleapis.com/v1/projects/volley-motion/services/cloudbuild.googleapis.com  
 
[debug] [2020-11-11T15:01:51.133Z] <<< HTTP RESPONSE 200 {"content-type":"application/json; charset=UTF-8","vary":"X-Origin, Referer, Origin,Accept-Encoding","date":"Wed, 11 Nov 2020 15:01:50 GMT","server":"ESF","cache-control":"private","x-xss-protection":"0","x-frame-options":"SAMEORIGIN","x-content-type-options":"nosniff","alt-svc":"h3-Q050=\":443\"; ma=2592000,h3-29=\":443\"; ma=2592000,h3-T051=\":443\"; ma=2592000,h3-T050=\":443\"; ma=2592000,h3-Q046=\":443\"; ma=2592000,h3-Q043=\":443\"; ma=2592000,quic=\":443\"; ma=2592000; v=\"46,43\"","accept-ranges":"none","transfer-encoding":"chunked"}
[debug] [2020-11-11T15:01:51.186Z] <<< HTTP RESPONSE 200 {"content-type":"application/json; charset=UTF-8","vary":"X-Origin, Referer, Origin,Accept-Encoding","date":"Wed, 11 Nov 2020 15:01:50 GMT","server":"ESF","cache-control":"private","x-xss-protection":"0","x-frame-options":"SAMEORIGIN","x-content-type-options":"nosniff","alt-svc":"h3-Q050=\":443\"; ma=2592000,h3-29=\":443\"; ma=2592000,h3-T051=\":443\"; ma=2592000,h3-T050=\":443\"; ma=2592000,h3-Q046=\":443\"; ma=2592000,h3-Q043=\":443\"; ma=2592000,quic=\":443\"; ma=2592000; v=\"46,43\"","accept-ranges":"none","transfer-encoding":"chunked"}
[info] +  functions: required API cloudbuild.googleapis.com is enabled 
[debug] [2020-11-11T15:01:51.218Z] <<< HTTP RESPONSE 200 {"content-type":"application/json; charset=UTF-8","vary":"X-Origin, Referer, Origin,Accept-Encoding","date":"Wed, 11 Nov 2020 15:01:50 GMT","server":"ESF","cache-control":"private","x-xss-protection":"0","x-frame-options":"SAMEORIGIN","x-content-type-options":"nosniff","alt-svc":"h3-Q050=\":443\"; ma=2592000,h3-29=\":443\"; ma=2592000,h3-T051=\":443\"; ma=2592000,h3-T050=\":443\"; ma=2592000,h3-Q046=\":443\"; ma=2592000,h3-Q043=\":443\"; ma=2592000,quic=\":443\"; ma=2592000; v=\"46,43\"","accept-ranges":"none","transfer-encoding":"chunked"}
[info] +  functions: required API cloudfunctions.googleapis.com is enabled 
[debug] [2020-11-11T15:01:51.224Z] >>> HTTP REQUEST GET https://firebase.googleapis.com/v1beta1/projects/volley-motion/adminSdkConfig  
 
[debug] [2020-11-11T15:01:51.727Z] <<< HTTP RESPONSE 200 {"content-type":"application/json; charset=UTF-8","vary":"X-Origin, Referer, Origin,Accept-Encoding","date":"Wed, 11 Nov 2020 15:01:50 GMT","server":"ESF","cache-control":"private","x-xss-protection":"0","x-frame-options":"SAMEORIGIN","x-content-type-options":"nosniff","alt-svc":"h3-Q050=\":443\"; ma=2592000,h3-29=\":443\"; ma=2592000,h3-T051=\":443\"; ma=2592000,h3-T050=\":443\"; ma=2592000,h3-Q046=\":443\"; ma=2592000,h3-Q043=\":443\"; ma=2592000,quic=\":443\"; ma=2592000; v=\"46,43\"","accept-ranges":"none","transfer-encoding":"chunked"}
[info] i  functions: preparing / directory for uploading... 
[debug] [2020-11-11T15:01:51.746Z] >>> HTTP REQUEST GET https://runtimeconfig.googleapis.com/v1beta1/projects/volley-motion/configs  
 
[debug] [2020-11-11T15:01:52.682Z] <<< HTTP RESPONSE 200 {"content-type":"application/json; charset=UTF-8","vary":"X-Origin, Referer, Origin,Accept-Encoding","date":"Wed, 11 Nov 2020 15:01:51 GMT","server":"ESF","cache-control":"private","x-xss-protection":"0","x-frame-options":"SAMEORIGIN","x-content-type-options":"nosniff","alt-svc":"h3-Q050=\":443\"; ma=2592000,h3-29=\":443\"; ma=2592000,h3-T051=\":443\"; ma=2592000,h3-T050=\":443\"; ma=2592000,h3-Q046=\":443\"; ma=2592000,h3-Q043=\":443\"; ma=2592000,quic=\":443\"; ma=2592000; v=\"46,43\"","accept-ranges":"none","transfer-encoding":"chunked"}
[info] i  functions: packaged / (553.75 KB) for uploading 
[debug] [2020-11-11T15:01:53.208Z] >>> HTTP REQUEST GET https://cloudfunctions.googleapis.com/v1/projects/volley-motion/locations/-/functions  
 
[debug] [2020-11-11T15:01:53.854Z] <<< HTTP RESPONSE 200 {"content-type":"application/json; charset=UTF-8","vary":"X-Origin, Referer, Origin,Accept-Encoding","date":"Wed, 11 Nov 2020 15:01:52 GMT","server":"ESF","cache-control":"private","x-xss-protection":"0","x-frame-options":"SAMEORIGIN","x-content-type-options":"nosniff","alt-svc":"h3-Q050=\":443\"; ma=2592000,h3-29=\":443\"; ma=2592000,h3-T051=\":443\"; ma=2592000,h3-T050=\":443\"; ma=2592000,h3-Q046=\":443\"; ma=2592000,h3-Q043=\":443\"; ma=2592000,quic=\":443\"; ma=2592000; v=\"46,43\"","accept-ranges":"none","transfer-encoding":"chunked"}
[debug] [2020-11-11T15:01:53.858Z] >>> HTTP REQUEST POST https://cloudfunctions.googleapis.com/v1/projects/volley-motion/locations/us-central1/functions:generateUploadUrl  
 
[debug] [2020-11-11T15:01:54.677Z] <<< HTTP RESPONSE 200 {"content-type":"application/json; charset=UTF-8","vary":"X-Origin, Referer, Origin,Accept-Encoding","date":"Wed, 11 Nov 2020 15:01:53 GMT","server":"ESF","cache-control":"private","x-xss-protection":"0","x-frame-options":"SAMEORIGIN","x-content-type-options":"nosniff","alt-svc":"h3-Q050=\":443\"; ma=2592000,h3-29=\":443\"; ma=2592000,h3-T051=\":443\"; ma=2592000,h3-T050=\":443\"; ma=2592000,h3-Q046=\":443\"; ma=2592000,h3-Q043=\":443\"; ma=2592000,quic=\":443\"; ma=2592000; v=\"46,43\"","accept-ranges":"none","transfer-encoding":"chunked"}
[debug] [2020-11-11T15:01:54.719Z] >>> HTTP REQUEST PUT https://storage.googleapis.com/gcf-upload-us-central1-dd1272ab-ae58-42c7-b674-abee462df4bc/306e4b89-7fae-4d80-8225-bb43e0c9c280.zip?GoogleAccessId=service-813157032610@gcf-admin-robot.iam.gserviceaccount.com&Expires=1605108713&Signature=XNtEAc0bao2ldvYJr7tGDPw6CZPq32JqXeW4b6ZqiOq6g0tuRvcdHBFYXFrrJvE8SIhJ9%2Bhi6ntCEV%2F5l8B5%2BeekO32kJf1RQLytWGeK3Uy9IsohNx4Zt8CILIMhN56YniLm9PB81B9RxrV39SZkcOfIqBD3vHQa1G4s7J7wt%2Fp52J9rH%2FVRNMyySc0C1zLy6gLJdSnddN0HY5bSZqLEXmoEcCKiaSXoo6h0SDEeOVJX0lU%2BqdFLqWQ4gTYkxVp841PbRErkQAtg1%2FxJdmbD26KXDC0f%2BZ2Vx%2BEBR0z5Wromtxn4lR3lK5wMbJbUOi1e7RMqa4rMFfEfHzrD81qnnw%3D%3D  
 <request body omitted>
[debug] [2020-11-11T15:01:56.144Z] <<< HTTP RESPONSE 200 {"x-guploader-uploadid":"ABg5-UyyH1qiWcn4Aw724_F7TJhstyExzpJs6O7asyq1-aNplW15Q4zOQnEKypgtbw8J18jl9y170ib57nP1SSkGDVGs3kU9Pg","etag":"\"51406baccd053a50cf2cdb2459a0b5a9\"","x-goog-generation":"1605106915239630","x-goog-metageneration":"1","x-goog-hash":"crc32c=nzwXaQ==, md5=UUBrrM0FOlDPLNskWaC1qQ==","x-goog-stored-content-length":"567045","x-goog-stored-content-encoding":"identity","vary":"Origin","content-length":"0","date":"Wed, 11 Nov 2020 15:01:55 GMT","server":"UploadServer","content-type":"text/html; charset=UTF-8","alt-svc":"h3-Q050=\":443\"; ma=2592000,h3-29=\":443\"; ma=2592000,h3-T051=\":443\"; ma=2592000,h3-T050=\":443\"; ma=2592000,h3-Q046=\":443\"; ma=2592000,h3-Q043=\":443\"; ma=2592000,quic=\":443\"; ma=2592000; v=\"46,43\""}
[info] +  functions: / folder uploaded successfully 
[info] i  functions: updating Node.js 10 function onAccountCreate(europe-west3)... 
[debug] [2020-11-11T15:01:56.161Z] Trigger is:  {"eventTrigger":{"resource":"projects/volley-motion","eventType":"providers/firebase.auth/eventTypes/user.create","service":"firebaseauth.googleapis.com"}}
[info] i  functions: updating Node.js 10 function onSurveyCreate(europe-west3)... 
[debug] [2020-11-11T15:01:56.163Z] Trigger is:  {"eventTrigger":{"resource":"projects/volley-motion/databases/(default)/documents/surveys/{id}","eventType":"providers/cloud.firestore/eventTypes/document.create","service":"firestore.googleapis.com"}}
[debug] [2020-11-11T15:01:56.212Z] >>> HTTP REQUEST PATCH https://cloudfunctions.googleapis.com/v1/projects/volley-motion/locations/europe-west3/functions/onAccountCreate {"updateMask":"sourceUploadUrl,name,labels,runtime,environmentVariables,eventTrigger.resource,eventTrigger.eventType,eventTrigger.service,eventTrigger.failurePolicy"} 
 {"sourceUploadUrl":"https://storage.googleapis.com/gcf-upload-us-central1-dd1272ab-ae58-42c7-b674-abee462df4bc/306e4b89-7fae-4d80-8225-bb43e0c9c280.zip?GoogleAccessId=service-813157032610@gcf-admin-robot.iam.gserviceaccount.com&Expires=1605108713&Signature=XNtEAc0bao2ldvYJr7tGDPw6CZPq32JqXeW4b6ZqiOq6g0tuRvcdHBFYXFrrJvE8SIhJ9%2Bhi6ntCEV%2F5l8B5%2BeekO32kJf1RQLytWGeK3Uy9IsohNx4Zt8CILIMhN56YniLm9PB81B9RxrV39SZkcOfIqBD3vHQa1G4s7J7wt%2Fp52J9rH%2FVRNMyySc0C1zLy6gLJdSnddN0HY5bSZqLEXmoEcCKiaSXoo6h0SDEeOVJX0lU%2BqdFLqWQ4gTYkxVp841PbRErkQAtg1%2FxJdmbD26KXDC0f%2BZ2Vx%2BEBR0z5Wromtxn4lR3lK5wMbJbUOi1e7RMqa4rMFfEfHzrD81qnnw%3D%3D","name":"projects/volley-motion/locations/europe-west3/functions/onAccountCreate","labels":{"deployment-tool":"cli-firebase"},"eventTrigger":{"resource":"projects/volley-motion","eventType":"providers/firebase.auth/eventTypes/user.create","service":"firebaseauth.googleapis.com"},"runtime":"nodejs10","environmentVariables":{"FIREBASE_CONFIG":"{\"projectId\":\"volley-motion\",\"databaseURL\":\"https://volley-motion.firebaseio.com\",\"storageBucket\":\"volley-motion.appspot.com\",\"locationId\":\"europe-west\"}"}}
[debug] [2020-11-11T15:01:56.319Z] >>> HTTP REQUEST PATCH https://cloudfunctions.googleapis.com/v1/projects/volley-motion/locations/europe-west3/functions/onSurveyCreate {"updateMask":"sourceUploadUrl,name,labels,runtime,environmentVariables,eventTrigger.resource,eventTrigger.eventType,eventTrigger.service,eventTrigger.failurePolicy"} 
 {"sourceUploadUrl":"https://storage.googleapis.com/gcf-upload-us-central1-dd1272ab-ae58-42c7-b674-abee462df4bc/306e4b89-7fae-4d80-8225-bb43e0c9c280.zip?GoogleAccessId=service-813157032610@gcf-admin-robot.iam.gserviceaccount.com&Expires=1605108713&Signature=XNtEAc0bao2ldvYJr7tGDPw6CZPq32JqXeW4b6ZqiOq6g0tuRvcdHBFYXFrrJvE8SIhJ9%2Bhi6ntCEV%2F5l8B5%2BeekO32kJf1RQLytWGeK3Uy9IsohNx4Zt8CILIMhN56YniLm9PB81B9RxrV39SZkcOfIqBD3vHQa1G4s7J7wt%2Fp52J9rH%2FVRNMyySc0C1zLy6gLJdSnddN0HY5bSZqLEXmoEcCKiaSXoo6h0SDEeOVJX0lU%2BqdFLqWQ4gTYkxVp841PbRErkQAtg1%2FxJdmbD26KXDC0f%2BZ2Vx%2BEBR0z5Wromtxn4lR3lK5wMbJbUOi1e7RMqa4rMFfEfHzrD81qnnw%3D%3D","name":"projects/volley-motion/locations/europe-west3/functions/onSurveyCreate","labels":{"deployment-tool":"cli-firebase"},"eventTrigger":{"resource":"projects/volley-motion/databases/(default)/documents/surveys/{id}","eventType":"providers/cloud.firestore/eventTypes/document.create","service":"firestore.googleapis.com"},"runtime":"nodejs10","environmentVariables":{"FIREBASE_CONFIG":"{\"projectId\":\"volley-motion\",\"databaseURL\":\"https://volley-motion.firebaseio.com\",\"storageBucket\":\"volley-motion.appspot.com\",\"locationId\":\"europe-west\"}"}}
[debug] [2020-11-11T15:01:56.698Z] <<< HTTP RESPONSE 200 {"content-type":"application/json; charset=UTF-8","vary":"X-Origin, Referer, Origin,Accept-Encoding","date":"Wed, 11 Nov 2020 15:01:55 GMT","server":"ESF","cache-control":"private","x-xss-protection":"0","x-frame-options":"SAMEORIGIN","x-content-type-options":"nosniff","alt-svc":"h3-Q050=\":443\"; ma=2592000,h3-29=\":443\"; ma=2592000,h3-T051=\":443\"; ma=2592000,h3-T050=\":443\"; ma=2592000,h3-Q046=\":443\"; ma=2592000,h3-Q043=\":443\"; ma=2592000,quic=\":443\"; ma=2592000; v=\"46,43\"","accept-ranges":"none","transfer-encoding":"chunked"}
[debug] [2020-11-11T15:01:56.701Z] <<< HTTP RESPONSE 200 {"content-type":"application/json; charset=UTF-8","vary":"X-Origin, Referer, Origin,Accept-Encoding","date":"Wed, 11 Nov 2020 15:01:55 GMT","server":"ESF","cache-control":"private","x-xss-protection":"0","x-frame-options":"SAMEORIGIN","x-content-type-options":"nosniff","alt-svc":"h3-Q050=\":443\"; ma=2592000,h3-29=\":443\"; ma=2592000,h3-T051=\":443\"; ma=2592000,h3-T050=\":443\"; ma=2592000,h3-Q046=\":443\"; ma=2592000,h3-Q043=\":443\"; ma=2592000,quic=\":443\"; ma=2592000; v=\"46,43\"","accept-ranges":"none","transfer-encoding":"chunked"}
[debug] [2020-11-11T15:01:56.722Z] >>> HTTP REQUEST GET https://cloudfunctions.googleapis.com/v1/operations/dm9sbGV5LW1vdGlvbi9ldXJvcGUtd2VzdDMvb25BY2NvdW50Q3JlYXRlL0tUTnRmYVV4eWpF  
 
[debug] [2020-11-11T15:01:56.724Z] >>> HTTP REQUEST GET https://cloudfunctions.googleapis.com/v1/operations/dm9sbGV5LW1vdGlvbi9ldXJvcGUtd2VzdDMvb25TdXJ2ZXlDcmVhdGUvTUp5N01oeUpINzA  
 
[debug] [2020-11-11T15:01:57.012Z] <<< HTTP RESPONSE 200 {"content-type":"application/json; charset=UTF-8","vary":"X-Origin, Referer, Origin,Accept-Encoding","date":"Wed, 11 Nov 2020 15:01:56 GMT","server":"ESF","cache-control":"private","x-xss-protection":"0","x-frame-options":"SAMEORIGIN","x-content-type-options":"nosniff","alt-svc":"h3-Q050=\":443\"; ma=2592000,h3-29=\":443\"; ma=2592000,h3-T051=\":443\"; ma=2592000,h3-T050=\":443\"; ma=2592000,h3-Q046=\":443\"; ma=2592000,h3-Q043=\":443\"; ma=2592000,quic=\":443\"; ma=2592000; v=\"46,43\"","accept-ranges":"none","transfer-encoding":"chunked"}
[debug] [2020-11-11T15:01:57.025Z] <<< HTTP RESPONSE 200 {"content-type":"application/json; charset=UTF-8","vary":"X-Origin, Referer, Origin,Accept-Encoding","date":"Wed, 11 Nov 2020 15:01:56 GMT","server":"ESF","cache-control":"private","x-xss-protection":"0","x-frame-options":"SAMEORIGIN","x-content-type-options":"nosniff","alt-svc":"h3-Q050=\":443\"; ma=2592000,h3-29=\":443\"; ma=2592000,h3-T051=\":443\"; ma=2592000,h3-T050=\":443\"; ma=2592000,h3-Q046=\":443\"; ma=2592000,h3-Q043=\":443\"; ma=2592000,quic=\":443\"; ma=2592000; v=\"46,43\"","accept-ranges":"none","transfer-encoding":"chunked"}
[debug] [2020-11-11T15:01:59.020Z] >>> HTTP REQUEST GET https://cloudfunctions.googleapis.com/v1/operations/dm9sbGV5LW1vdGlvbi9ldXJvcGUtd2VzdDMvb25BY2NvdW50Q3JlYXRlL0tUTnRmYVV4eWpF  
 
[debug] [2020-11-11T15:01:59.036Z] >>> HTTP REQUEST GET https://cloudfunctions.googleapis.com/v1/operations/dm9sbGV5LW1vdGlvbi9ldXJvcGUtd2VzdDMvb25TdXJ2ZXlDcmVhdGUvTUp5N01oeUpINzA  
 
[debug] [2020-11-11T15:01:59.302Z] <<< HTTP RESPONSE 200 {"content-type":"application/json; charset=UTF-8","vary":"X-Origin, Referer, Origin,Accept-Encoding","date":"Wed, 11 Nov 2020 15:01:58 GMT","server":"ESF","cache-control":"private","x-xss-protection":"0","x-frame-options":"SAMEORIGIN","x-content-type-options":"nosniff","alt-svc":"h3-Q050=\":443\"; ma=2592000,h3-29=\":443\"; ma=2592000,h3-T051=\":443\"; ma=2592000,h3-T050=\":443\"; ma=2592000,h3-Q046=\":443\"; ma=2592000,h3-Q043=\":443\"; ma=2592000,quic=\":443\"; ma=2592000; v=\"46,43\"","accept-ranges":"none","transfer-encoding":"chunked"}
[warn] !  functions[onAccountCreate(europe-west3)]: Deployment error. 
[info] Failed to retrieve function source code
[debug] [2020-11-11T15:01:59.322Z] <<< HTTP RESPONSE 200 {"content-type":"application/json; charset=UTF-8","vary":"X-Origin, Referer, Origin,Accept-Encoding","date":"Wed, 11 Nov 2020 15:01:58 GMT","server":"ESF","cache-control":"private","x-xss-protection":"0","x-frame-options":"SAMEORIGIN","x-content-type-options":"nosniff","alt-svc":"h3-Q050=\":443\"; ma=2592000,h3-29=\":443\"; ma=2592000,h3-T051=\":443\"; ma=2592000,h3-T050=\":443\"; ma=2592000,h3-Q046=\":443\"; ma=2592000,h3-Q043=\":443\"; ma=2592000,quic=\":443\"; ma=2592000; v=\"46,43\"","accept-ranges":"none","transfer-encoding":"chunked"}
[warn] !  functions[onSurveyCreate(europe-west3)]: Deployment error. 
[info] Failed to retrieve function source code
[info] 

Functions deploy had errors with the following functions:
[info] 	onAccountCreate
[info] 	onSurveyCreate
[info] 

To try redeploying those functions, run:
[info]     firebase deploy --only "functions:onAccountCreate,functions:onSurveyCreate"
[info] 

To continue deploying other features (such as database), run:
[info]     firebase deploy --except functions
[error] 
[error] Error: Functions did not deploy properly.
